<?xml version="1.0" encoding="UTF-8"?>
<!-- Generated by org.testng.reporters.JUnitReportReporter -->
<testsuite skipped="0" hostname="tester-PC" name="loopmi.LaunchApp" tests="1" failures="0" timestamp="8 Oct 2019 11:51:55 GMT" time="8.340" errors="0">
  <testcase name="invaidLogin" time="8.340" classname="loopmi.LaunchApp"/>
</testsuite> <!-- loopmi.LaunchApp -->
